<?xml version="1.0" encoding="UTF-8"?>
<!-- Generated by org.testng.reporters.JUnitXMLReporter -->
<testsuite ignored="0" hostname="Mukeshs-MacBook-Pro.local" failures="0" tests="3" name="Default test" time="10.875" errors="0" timestamp="07 Aug 2024 08:27:59 GMT">
  <testcase classname="testcases.LoginTest" name="TC01_LoginSucessTest" time="0.973"/>
  <testcase classname="testcases.LoginTest" name="TC02_LoginFailureTest" time="0.408"/>
  <testcase classname="testcases.LoginTest" name="TC03_LockedUserTest" time="0.41"/>
</testsuite> <!-- Default test -->
