<?xml version="1.0" encoding="UTF-8"?>
<testng-results ignored="0" total="3" passed="3" failed="0" skipped="0">
  <reporter-output>
  </reporter-output>
  <suite started-at="2024-08-07T08:27:48Z" name="Default suite" finished-at="2024-08-07T08:27:59Z" duration-ms="10875">
    <groups>
    </groups>
    <test started-at="2024-08-07T08:27:48Z" name="Default test" finished-at="2024-08-07T08:27:59Z" duration-ms="10875">
      <class name="testcases.LoginTest">
        <test-method is-config="true" signature="SetUpDriver()[pri:0, instance:testcases.LoginTest@1603cd68]" started-at="2024-08-07T08:27:48Z" name="SetUpDriver" finished-at="2024-08-07T08:27:51Z" duration-ms="3506" status="PASS">
          <reporter-output>
          </reporter-output>
        </test-method> <!-- SetUpDriver -->
        <test-method signature="TC01_LoginSucessTest()[pri:0, instance:testcases.LoginTest@1603cd68]" started-at="2024-08-07T08:27:51Z" name="TC01_LoginSucessTest" finished-at="2024-08-07T08:27:52Z" duration-ms="973" status="PASS">
          <reporter-output>
          </reporter-output>
        </test-method> <!-- TC01_LoginSucessTest -->
        <test-method is-config="true" signature="TearDown()[pri:0, instance:testcases.LoginTest@1603cd68]" started-at="2024-08-07T08:27:52Z" name="TearDown" finished-at="2024-08-07T08:27:53Z" duration-ms="100" status="PASS">
          <reporter-output>
          </reporter-output>
        </test-method> <!-- TearDown -->
        <test-method is-config="true" signature="SetUpDriver()[pri:0, instance:testcases.LoginTest@1603cd68]" started-at="2024-08-07T08:27:53Z" name="SetUpDriver" finished-at="2024-08-07T08:27:55Z" duration-ms="2507" status="PASS">
          <reporter-output>
          </reporter-output>
        </test-method> <!-- SetUpDriver -->
        <test-method signature="TC02_LoginFailureTest()[pri:0, instance:testcases.LoginTest@1603cd68]" started-at="2024-08-07T08:27:55Z" name="TC02_LoginFailureTest" finished-at="2024-08-07T08:27:55Z" duration-ms="408" status="PASS">
          <reporter-output>
          </reporter-output>
        </test-method> <!-- TC02_LoginFailureTest -->
        <test-method is-config="true" signature="TearDown()[pri:0, instance:testcases.LoginTest@1603cd68]" started-at="2024-08-07T08:27:55Z" name="TearDown" finished-at="2024-08-07T08:27:56Z" duration-ms="98" status="PASS">
          <reporter-output>
          </reporter-output>
        </test-method> <!-- TearDown -->
        <test-method is-config="true" signature="SetUpDriver()[pri:0, instance:testcases.LoginTest@1603cd68]" started-at="2024-08-07T08:27:56Z" name="SetUpDriver" finished-at="2024-08-07T08:27:58Z" duration-ms="2718" status="PASS">
          <reporter-output>
          </reporter-output>
        </test-method> <!-- SetUpDriver -->
        <test-method signature="TC03_LockedUserTest()[pri:0, instance:testcases.LoginTest@1603cd68]" started-at="2024-08-07T08:27:58Z" name="TC03_LockedUserTest" finished-at="2024-08-07T08:27:59Z" duration-ms="410" status="PASS">
          <reporter-output>
          </reporter-output>
        </test-method> <!-- TC03_LockedUserTest -->
        <test-method is-config="true" signature="TearDown()[pri:0, instance:testcases.LoginTest@1603cd68]" started-at="2024-08-07T08:27:59Z" name="TearDown" finished-at="2024-08-07T08:27:59Z" duration-ms="124" status="PASS">
          <reporter-output>
          </reporter-output>
        </test-method> <!-- TearDown -->
      </class> <!-- testcases.LoginTest -->
    </test> <!-- Default test -->
  </suite> <!-- Default suite -->
</testng-results>
